[  00000 Inialin cgrp bss cpuset[   0.000 Iitiazi croupubs pu[  00000] italizg rop suyspucct
[   .0000]Linuveio 4..012enric buddgw01md-00) (c rson 5.0016060(Unt 5.40-buu116.05) #35-UntSM Fri n  1:48: U 218 (un 4.4.-1.1-gneic.48)
  .0000]omndlineBO_IAGE=bo/vinz-4.11-genriro=LAB=coumgrofso nsoltt cnsoltt0
[  0000] RN spprt cs:
[  0000] Inl enuiInl
[  0000]  A AheticAD   0.000  Centr ntrHau
  0.000 x/fpuxsteoffse2] 56, xsteizs[2] 2
    .000 x86puSuportg AV feate x0 'x8 fatg pot giers'
[  0000] 6/pu SpoinXSAVfeur 0x0 'E egisrs
[   0.00] 86/f: pprtinXSE eatu 04:'AVXegtes'
  0.0000x8/fpuEnabd tae feurs 7, cote se s 83bys,usin 'anrd' forat
[  .0000]86fpu:si 'azy'PUonext ites
[  00000 e82: OSrovid pysal R m:[   0000]BIOS82 [em 000000000000x00000000bf] usle[   .000 BIOe8: mem 00000000c00x0000000fff] reseve
[   0000]IOS-20[mm 0x000000f00-0000000fff] eserd    0000 BIOe8: mem 00000001000x000003ffff] ubl
[   0000]BIOSe8: em 0x0000003ff00-0x0000fffffAC dat
[  .0000 BS-e8: emx00000ec0000x00000fe0f] eserd    0000]BIOSe8: em0x0000f00000x00000f00f]reseed[   .000 BIOe8: mem 00000ffc000x00000ffff] eserv
  0.000000NXExcutDibl proteti: tive[   .0000]MBOS 2.preset.
[   0000] Hyrvordette K
[  00000] 820:as_pfn 0ff0 maar_pn = 400000
[  00000] MTR: saed
[  0000] 6/T:MTRRs dsaedskippngATniialiatn o.
  .00000CPMTRs a bnk- virtlid yste
[   000000x8PAT:Configuration [7]WBWT  - UCWB    -   
  .00000fod SM MP-blat[me0x09f0-000ff] maedt ffff80009f0]  0.00000 Snng  are fr w meorcoupion  0.0000RAISK:me0x6adc0-3765ff
  0.00000ACPI:Eay ble chksumerictionisle
[  00000] PIRSP 0x00000000 002 (v0VB  
[  00000] CP XDT0x000003F030 00 (1 VB  BOXSD 00001SL  0061
[  0.000] AI:AC 00000FFF0F000F4 v04 VBX VBFACP 00000AS  0000)[    0000 ACP DT 000000FF47000FFv0 VX VBBIOS0000 ITL0152)
[  00000]CP FCS 000003FF020 000
[  00000] CPI: CSx000003F0200 00004
[  0.0000 AI: AC 00000003FFF024000C v02 OX VXAPIC 0001ASL 0006)
[  00000] PISST 0x00003F02A 01C(v01VB  BOCPUT0000 INT20058)
  .00000 N NMAonigraonound
[    0.000000] Faking a det em 000000000000x000003ffff]
  0.0000NO_DTA(0alcaed [m 3feb00-0fffff][  0.000 k-clo: in msr4b4d1 an4b4d0
[  00000]vmlok: c 0ms 0:3e31,primy u lock
[   0.0000kv-clo: in sch ose of95034 cycles
[    0.0000] losour: m-lockma: xfffffffffffaxyces 0cd2edffbmaid_ns:810514 n
[  0.00] one ng:
[  0000] DM    [mm 00000000010-0000000fff]
[  00000] D32   [memx00000000000x00003fefff
  0.00000]  rm   emty
[   .00000] Dece  emy    0000 Movleon stat r chno
  .0000]ary meryod rans    0000  noe 0:mem 0000000010-00000009eff]  0.0000  ode 0:me 0x000001000-0000000feff
[  00000] itm etupod0 mem x00000001000-000003ffeff
[   0.000 ACP PTir IOPot:0x00
[   .000] IOIC]:apicd  vrsio32adressxf0000,SI-2
[    00000 API: T_C_R (b 0usirq glalirq dfdf)
[  00000]CP IT_SROV(bs 0 usrq gob_irq lw lel
[  0.00] sing CP(MT) forSMcoigurioinormaon[   .000 smpoo Aowin2 Us 0 hpl CUs  0.0000 P Reisted sae mery[mm 0x00000x000f]
[  00000]M:Regiterenovememo: em0x00f0-00009ff
[   0.00] M: Risre nose moy: [m 00a00-000fff]
  .000] : gistrenove mor [m 0x00000-x00fff]   0.000 e20: emx40000-0ebfffffavlae foPCdeices[  0.000 Btingarirualiedkene oKVM  0.0000]loksoucerened-ffs:mask0xfffff x_cls: xfffff max_ie_: 6455962168 n
[  .0000]etp_pepuNRCPUS12r_puma_bs:12 ncpid:2 nno_is:1  0.0000PECPU:mbde 34 pas/cpuff88003000 9544 r8192318 10486
  0.0000PVqspiochah tab eris: 25 (de 0, 96yts)
  .00000But  znelis  Nod oermoily oupin on.  ot pes: 257913
[   0.000] olicyzo: A32  0.00000Keelcomanli: OOT_AG/bt/vminz-4.-112enicrootLAL=oudi-rtf ro nsol=t1 conolttS0
[   0.00] D ha tleentres: 96(ord:  3768 te
    0000 Memoy:0040K/480Kavaille849K knecoe, 19Kwdta, 88rota, 08int, 16Kss 463K seved, 0K maesrved
  .00000SL: HWalign64, de0-, MiObec=0 CPU2,Node=1
[   0.0000 Knel/Ueragtabls olio: enle
[   .000 Heraric RCUimplementation.
  0.000] 	iltie adstntof leafauto 64.
[  0000] CUrestctg PUs omR_PUS51tor_pu_s=
   0.00] CU: juing eometrforcu_no_lf=64nrpuids=
[  .00000NRRQS:304 _iqs440 
  0.0000Cosole clo VA+ 825[    0.00000 csoe [t1]naled  0.0000coole ty] nabl
  0.000000] tsc: Detected 3499.998 MHz processor
[   26.047064] Calibrating delay loop (skipped) preset value.. 6999.99 BogoMIPS (lpj=13999992)
[   26.333257] pid_max: default: 32768 minimum: 301
[   26.475775] ACPI: Core revision 20150930
[   26.597539] ACPI: 2 ACPI AML tables successfully acquired and loaded
[   26.795023] Security Framework initialized
[   26.942560] Yama: becoming mindful.
[   27.022653] AppArmor: AppArmor initialized
[   27.110641] Dentry cache hash table entries: 131072 (order: 8, 1048576 bytes)
[   27.323236] Inode-cache hash table entries: 65536 (order: 7, 524288 bytes)
[   27.454534] Mount-cache hash table entries: 2048 (order: 2, 16384 bytes)
[   27.586224] Mountpoint-cache hash table entries: 2048 (order: 2, 16384 bytes)
[   27.715069] Initializing cgroup subsys io
[   27.810834] Initializing cgroup subsys memory
[   27.914341] Initializing cgroup subsys devices
[   28.057771] Initializing cgroup subsys freezer
[   28.190721] Initializing cgroup subsys net_cls
[   28.352827] Initializing cgroup subsys perf_event
[   28.499357] Initializing cgroup subsys net_prio
[   28.638026] Initializing cgroup subsys hugetlb
[   28.764031] Initializing cgroup subsys pids
[   28.891866] CPU: Physical Processor ID: 0
[   29.030611] CPU: Processor Core ID: 0
[   29.165407] FEATURE SPEC_CTRL Not Present
[   29.205410] mce: CPU supports 0 MCE banks
[   29.309964] Last level iTLB entries: 4KB 1024, 2MB 1024, 4MB 1024
[   29.533777] Last level dTLB entries: 4KB 1024, 2MB 1024, 4MB 1024, 1GB 4
[   29.750932] Freeing SMP alternatives memory: 32K
[   29.899791] ftrace: allocating 32180 entries in 126 pages
[   30.109958] smpboot: APIC(0) Converting physical 0 to logical package 0
[   30.314769] smpboot: Max logical packages: 1
[   30.420401] x2apic enabled
[   30.512150] Switched APIC routing to physical x2apic.
[   30.603688] ..TIMER: vector=0x30 apic1=0 pin1=2 apic2=-1 pin2=-1
[   30.894591] smpboot: CPU0: Intel(R) Core(TM) i5-4690K CPU @ 3.50GHz (family: 0x6, model: 0x3c, stepping: 0x3)
[   31.159471] Performance Events: unsupported p6 CPU model 60 no PMU driver, software events only.
[   31.384409] KVM setup paravirtual spinlock
[   31.461222] x86: Booting SMP configuration:
[   31.588245] .... node  #0, CPUs:      #1
[   31.696607] kvm-clock: cpu 1, msr 0:3ffe3041, secondary cpu clock
[   31.885912] mce: CPU supports 0 MCE banks
[   31.970017] x86: Booted up 1 node, 2 CPUs
[   32.042363] smpboot: Total of 2 processors activated (13999.99 BogoMIPS)
[   32.242025] devtmpfs: initialized
[   32.340929] evm: security.selinux
[   32.402807] evm: security.SMACK64
[   32.505287] evm: security.SMACK64EXEC
[   32.637159] evm: security.SMACK64TRANSMUTE
[   32.762246] evm: security.SMACK64MMAP
[   32.895973] evm: security.ima
[   32.974088] evm: security.capability
[   33.036024] clocksource: jiffies: mask: 0xffffffff max_cycles: 0xffffffff, max_idle_ns: 7645041785100000 ns
[   33.306457] futex hash table entries: 512 (order: 3, 32768 bytes)
[   33.451015] pinctrl core: initialized pinctrl subsystem
[   33.534333] RTC time:  8:59:18, date: 02/02/18
[   33.663948] NET: Registered protocol family 16
[   33.833450] cpuidle: using governor ladder
[   33.988847] cpuidle: using governor menu
[   34.093591] PCCT header not found.
[   34.204963] ACPI: bus type PCI registered
[   34.343614] acpiphp: ACPI Hot Plug PCI Controller Driver version: 0.5
[   34.515623] PCI: Using configuration type 1 for base access
[   34.701284] ACPI: Added _OSI(Module Device)
[   34.853456] ACPI: Added _OSI(Processor Device)
[   35.005614] ACPI: Added _OSI(3.0 _SCP Extensions)
[   35.159072] ACPI: Added _OSI(Processor Aggregator Device)
[   35.333422] ACPI: Executed 1 blocks of module-level executable AML code
[   35.525738] ACPI: Interpreter enabled
[   35.617143] ACPI: (supports S0 S5)
[   35.707892] ACPI: Using IOAPIC for interrupt routing
[   35.870222] PCI: Using host bridge windows from ACPI; if necessary, use "pci=nocrs" and report a bug
[   36.171479] ACPI: PCI Root Bridge [PCI0] (domain 0000 [bus 00-ff])
[   36.335968] acpi PNP0A03:00: _OSC: OS supports [ASPM ClockPM Segments MSI]
[   36.550872] acpi PNP0A03:00: _OSC: not requesting OS control; OS requires [ExtendedConfig ASPM ClockPM MSI]
[   36.765947] acpi PNP0A03:00: fail to add MMCONFIG information, can't access extended PCI configuration space under this bridge.
[   37.034715] PCI host bridge to bus 0000:00
[   37.180573] pci_bus 0000:00: root bus resource [io  0x0000-0x0cf7 window]
[   37.355580] pci_bus 0000:00: root bus resource [io  0x0d00-0xffff window]
[   37.530395] pci_bus 0000:00: root bus resource [mem 0x000a0000-0x000bffff window]
[   37.688638] pci_bus 0000:00: root bus resource [mem 0x40000000-0xfdffffff window]
[   37.873341] pci_bus 0000:00: root bus resource [bus 00-ff]
[   38.027699] pci 0000:00:01.1: legacy IDE quirk: reg 0x10: [io  0x01f0-0x01f7]
[   38.262926] pci 0000:00:01.1: legacy IDE quirk: reg 0x14: [io  0x03f6]
[   38.490436] pci 0000:00:01.1: legacy IDE quirk: reg 0x18: [io  0x0170-0x0177]
[   38.735582] pci 0000:00:01.1: legacy IDE quirk: reg 0x1c: [io  0x0376]
[   38.907765] pci 0000:00:07.0: quirk: [io  0x4000-0x403f] claimed by PIIX4 ACPI
[   39.155564] pci 0000:00:07.0: quirk: [io  0x4100-0x410f] claimed by PIIX4 SMB
[   39.396310] ACPI: PCI Interrupt Link [LNKA] (IRQs 5 9 10 *11)
[   39.567973] ACPI: PCI Interrupt Link [LNKB] (IRQs 5 9 *10 11)
[   39.734750] ACPI: PCI Interrupt Link [LNKC] (IRQs 5 *9 10 11)
[   39.853210] ACPI: PCI Interrupt Link [LNKD] (IRQs 5 9 10 *11)
[   40.031476] ACPI: Enabled 2 GPEs in block 00 to 07
[   40.142137] vgaarb: setting as boot device: PCI:0000:00:02.0
[   40.300121] vgaarb: device added: PCI:0000:00:02.0,decodes=io+mem,owns=io+mem,locks=none
[   40.492720] vgaarb: loaded
[   40.577443] vgaarb: bridge control possible 0000:00:02.0
[   40.761259] SCSI subsystem initialized
[   40.823694] ACPI: bus type USB registered
[   40.918344] usbcore: registered new interface driver usbfs
[   41.074600] usbcore: registered new interface driver hub
[   41.268000] usbcore: registered new device driver usb
[   41.422239] PCI: Using ACPI for IRQ routing
[   41.550477] NetLabel: Initializing
[   41.669346] NetLabel:  domain hash size = 128
[   41.753352] NetLabel:  protocols = UNLABELED CIPSOv4
[   41.915522] NetLabel:  unlabeled traffic allowed by default
[   42.065029] amd_nb: Cannot enumerate AMD northbridges
[   42.222209] clocksource: Switched to clocksource kvm-clock
[   42915]ppmo AArr ilysm abd  2.843] np: PP PIni
[ 43672]npPnACPI:ound 3 devices

[   43.460056] clocksource: acpi_pm: mask: 0xffffff max_cycles: 0xffffff, max_idle_ns: 2085701024 ns
[   43.522871] NET: Registered protocol family 2
[   43.597442] TCP established hash table entries: 8192 (order: 4, 65536 bytes)
[   43.757477] TCP bind hash table entries: 8192 (order: 5, 131072 bytes)
[   43.981103] TCP: Hash tables configured (established 8192 bind 8192)
[   44.150168] UDP hash table entries: 512 (order: 2, 16384 bytes)
[   44.358087] UDP-Lite hash table entries: 512 (order: 2, 16384 bytes)
[   44.597403] NET: Registered protocol family 1
[   44.765385] pci 0000:00:00.0: Limiting direct PCI/PCI transfers
[   44.988007] pci 0000:00:01.0: Activating ISA DMA hang workarounds
[   45.158037] Unpacking initramfs...
[   46.456235] Freeing initrd memory: 10792K
[   46.602751] RAPL PMU detected, API unit is 2^-32 Joules, 4 fixed counters 10737418240 ms ovfl timer
[   46.952053] hw unit of domain pp0-core 2^-0 Joules
[   47.139330] hw unit of domain package 2^-0 Joules
[   47.304388] hw unit of domain dram 2^-0 Joules
[   47.373720] hw unit of domain pp1-gpu 2^-0 Joules
[   47.526183] platform rtc_cmos: registered platform RTC device (no PNP device found)
[   47.781198] Scanning for low memory corruption every 60 seconds
[   47.912744] audit: initializing netlink subsys (disabled)
[   48.099338] audit: type=2000 audit(1517561935.762:1): initialized
[   48.325214] Initialise system trusted keyring
[   48.453008] HugeTLB registered 2 MB page size, pre-allocated 0 pages
[   48.621997] tsc: Refined TSC clocksource calibration: 3499.780 MHz
[   48.623005] zbud: loaded
[   48.623129] VFS: Disk quotas dquot_6.6.0
ÿ[   48.623150] VFS: Dquot-cache hash table entries: 512 (order 0, 4096 bytes)
[   48.623312] squashfs: version 4.0 (2009/01/31) Phillip Lougher
[   48.858328] fuse init (API version 7.23)
[   48.858449] Key type big_key registered
[   48.858467] Allocating IMA MOK and blacklist keyrings.
[   48.858606] Key type asymmetric registered
[   48.858607] Asymmetric key parser 'x509' registered
[   48.858631] Block layer SCSI generic (bsg) driver version 0.4 loaded (major 249)
[   48.858651] io scheduler noop registered
[   48.858652] io scheduler deadline registered (default)
[   48.858672] io scheduler cfq registered
[   48.858738] pci_hotplug: PCI Hot Plug PCI Core version: 0.5
[   48.858742] pciehp: PCI Express Hot Plug Controller Driver version: 0.4
[   48.858888] ACPI: AC Adapter [AC] (on-line)
[   48.858927] input: Power Button as /devices/LNXSYSTM:00/LNXPWRBN:00/input/input0
[   48.858929] ACPI: Power Button [PWRF]
[   48.858973] input: Sleep Button as /devices/LNXSYSTM:00/LNXSLPBN:00/input/input1
[   48.858974] ACPI: Sleep Button [SLPF]
[   48.859070] GHES: HEST is not enabled!
[   48.859124] Serial: 8250/16550 driver, 32 ports, IRQ sharing enabled
[   48.969376] 00:02: ttyS0 at I/O 0x3f8 (irq = 4, base_baud = 115200) is a 16550A
[   49.194781] Linux agpgart interface v0.103
[   49.272511] loop: module loaded
[   49.272893] scsi host0: ata_piix
[   49.272929] scsi host1: ata_piix
[   49.272948] ata1: PATA max UDMA/33 cmd 0x1f0 ctl 0x3f6 bmdma 0xd000 irq 14
[   49.272949] ata2: PATA max UDMA/33 cmd 0x170 ctl 0x376 bmdma 0xd008 irq 15
[   49.273007] libphy: Fixed MDIO Bus: probed
[   49.273008] tun: Universal TUN/TAP device driver, 1.6
[   49.273008] tun: (C) 1999-2004 Max Krasnyansky <maxk@qualcomm.com>
[   49.273338] PPP generic driver version 2.4.2
[   49.273376] ehci_hcd: USB 2.0 'Enhanced' Host Controller (EHCI) Driver
[   49.273378] ehci-pci: EHCI PCI platform driver
[   49.273384] ehci-platform: EHCI generic platform driver
[   49.273389] ohci_hcd: USB 1.1 'Open' Host Controller (OHCI) Driver
[   49.273391] ohci-pci: OHCI PCI platform driver
[   49.273396] ohci-platform: OHCI generic platform driver
[   49.273400] uhci_hcd: USB Universal Host Controller Interface driver
[   49.273434] i8042: PNP: PS/2 Controller [PNP0303:PS2K,PNP0f03:PS2M] at 0x60,0x64 irq 1,12
[   49.273800] serio: i8042 KBD port at 0x60,0x64 irq 1
[   49.273802] serio: i8042 AUX port at 0x60,0x64 irq 12
[   49.273867] mousedev: PS/2 mouse device common for all mice
[   49.274230] input: AT Translated Set 2 keyboard as /devices/platform/i8042/serio0/input/input2
[   49.274491] rtc_cmos rtc_cmos: rtc core: registered rtc_cmos as rtc0
[   49.274531] rtc_cmos rtc_cmos: alarms up to one day, 114 bytes nvram
[   49.274536] i2c /dev entries driver
[   49.274571] device-mapper: uevent: version 1.0.3
[   49.274607] device-mapper: ioctl: 4.34.0-ioctl (2015-10-28) initialised: dm-devel@redhat.com
[   49.274621] ledtrig-cpu: registered to indicate activity on CPUs
[   49.274997] NET: Registered protocol family 10
[   49.275089] NET: Registered protocol family 17
[   49.275096] Key type dns_resolver registered
[   49.275185] microcode: CPU0 sig=0x306c3, pf=0x40, revision=0x0
[   49.335765] microcode: CPU1 sig=0x306c3, pf=0x40, revision=0x0
[   49.335812] microcode: Microcode Update Driver: v2.01 <tigran@aivazian.fsnet.co.uk>, Peter Oruba
[   49.335896] registered taskstats version 1
[   49.335905] Loading compiled-in X.509 certificates
[   49.336378] Loaded X.509 cert 'Build time autogenerated kernel key: 4c603087bab8f0a02cb3b4e1fb4c40f507e71ef1'
[   49.336393] zswap: loaded using pool lzo/zbud
[   49.337542] Key type trusted registered
[   49.339426] Key type encrypted registered
[   49.339430] AppArmor: AppArmor sha1 policy hashing enabled
[   49.339432] ima: No TPM chip found, activating TPM-bypass!
[   49.339445] evm: HMAC attrs: 0x1
[   49.339608]   Magic number: 6:413:977
[   49.444383] rtc_cmos rtc_cmos: setting system clock to 2018-02-02 08:59:34 UTC (1517561974)
[   49.444476] BIOS EDD facility v0.16 2004-Jun-25, 0 devices found
[   49.444476] EDD information not available.
[   54.7735clocksource: tsc: mask: 0xffffffffffffffff max_cycles: 0x327280b344d, max_idle_ns: 440795224464 ns
 [   54.986697] Freeing unused kernel memory: 1508K
[   55.890173] Write protecting the kernel read-only data: 14336k
[   56.059384] Freeing unused kernel memory: 1728K
[   56.197903] Freeing unused kernel memory: 108K
Loading, please [   56.361127] random: systemd-udevd: uninitialized urandom read (16 bytes read, 5 bits of entropy available)
wait...
startin[   56.361519] random: udevadm: uninitialized urandom read (16 bytes read, 5 bits of entropy available)
g version 229
[   56.361537] random: udevadm: uninitialized urandom read (16 bytes read, 5 bits of entropy available)
[   56.368372] random: udevadm: uninitialized urandom read (16 bytes read, 5 bits of entropy available)
[   56.368403] random: udevadm: uninitialized urandom read (16 bytes read, 5 bits of entropy available)
[   56.368512] random: udevadm: uninitialized urandom read (16 bytes read, 5 bits of entropy available)
[   56.368554] random: udevadm: uninitialized urandom read (16 bytes read, 5 bits of entropy available)
[   56.368598] random: udevadm: uninitialized urandom read (16 bytes read, 5 bits of entropy available)
[   56.368639] random: udevadm: uninitialized urandom read (16 bytes read, 5 bits of entropy available)
[   56.368679] random: udevadm: uninitialized urandom read (16 bytes read, 5 bits of entropy available)
[   59.095512] Fusion MPT base driver 3.04.20
[   59.095651] e1000: Intel(R) PRO/1000 Network Driver - version 7.3.21-k8-NAPI
[   59.095652] e1000: Copyright (c) 1999-2006 Intel Corporation.
[   59.241874] Copyright (c) 1999-2008 LSI Corporation
[   59.359832] Fusion MPT SPI Host driver 3.04.20
[   59.472757] AVX2 version of gcm_enc/dec engaged.
[   59.557777] AES CTR mode by8 optimization enabled
[   59.666598] input: ImExPS/2 Generic Explorer Mouse as /devices/platform/i8042/serio1/input/input4
[   59.833138] e1000 0000:00:03.0 eth0: (PCI:33MHz:32-bit) 02:1f:2a:60:99:e3
[   60.023184] e1000 0000:00:03.0 eth0: Intel(R) PRO/1000 Network Connection
[   60.153976] mptbase: ioc0: Initiating bringup
[   61.035278] e1000 0000:00:03.0 enp0s3: renamed from eth0
[   61.193603] ioc0: LSI53C1030 A0: Capabilities={Initiator}
[   62.427731] floppy0: no floppy controllers found
[   62.602895] scsi host2: ioc0: LSI53C1030 A0, FwRev=00000000h, Ports=1, MaxQ=256, IRQ=20
[   63.066401] scsi 2:0:0:0: Direct-Access     VBOX     HARDDISK         1.0  PQ: 0 ANSI: 5
[   63.348793] scsi target2:0:0: Beginning Domain Validation
[   63.503078] scsi target2:0:0: Domain Validation skipping write tests
[   63.702952] scsi target2:0:0: Ending Domain Validation
[   63.836844] scsi target2:0:0: asynchronous
[   64.158593] scsi 2:0:1:0: Direct-Access     VBOX     HARDDISK         1.0  PQ: 0 ANSI: 5
[   64.441498] scsi target2:0:1: Beginning Domain Validation
[   65.125053] scsi target2:0:1: Domain Validation skipping write tests
[   65.274805] scsi target2:0:1: Ending Domain Validation
[   65.391132] scsi target2:0:1: asynchronous
[   65.455338] sd 2:0:0:0: Attached scsi generic sg0 type 0
[   65.613652] sd 2:0:0:0: [sda] 20971520 512-byte logical blocks: (10.7 GB/10.0 GiB)
[   65.887294] sd 2:0:1:0: Attached scsi generic sg1 type 0
[   66.001279] sd 2:0:1:0: [sdb] 20480 512-byte logical blocks: (10.5 MB/10.0 MiB)
[   66.242706] sd 2:0:0:0: [sda] Write Protect is off
[   66.242885] sd 2:0:1:0: [sdb] Write Protect is off
[   66.242975] sd 2:0:1:0: [sdb] Incomplete mode parameter data
[   66.242976] sd 2:0:1:0: [sdb] Assuming drive cache: write through
[   66.244773] sd 2:0:1:0: [sdb] Attached SCSI disk
[   67.000565] sd 2:0:0:0: [sda] Incomplete mode parameter data
[   67.170813] sd 2:0:0:0: [sda] Assuming drive cache: write through
[   67.333373]  sda: sda1
[   67.417514] sd 2:0:0:0: [sda] Attached SCSI disk
Begin: Loading e[   68.855560] md: linear personality registered for level -1
ssential drivers[   69.009275] md: multipath personality registered for level -4
 ... [   69.210006] md: raid0 personality registered for level 0
[   69.387299] md: raid1 personality registered for level 1
[   69.614912] raid6: sse2x1   gen() 11977 MB/s
[   69.802433] raid6: sse2x1   xor()  9292 MB/s
[   69.962570] raid6: sse2x2   gen() 15264 MB/s
[   70.162258] raid6: sse2x2   xor() 10224 MB/s
[   70.322913] raid6: sse2x4   gen() 17791 MB/s
[   70.514331] raid6: sse2x4   xor() 12150 MB/s
[   70.710658] raid6: avx2x1   gen() 23273 MB/s
[   70.899118] raid6: avx2x2   gen() 27030 MB/s
[   71.090545] raid6: avx2x4   gen() 31263 MB/s
[   71.167019] raid6: using algorithm avx2x4 gen() 31263 MB/s
[   71.309635] raid6: using avx2x2 recovery algorithm
[   71.479598] xor: automatically using best checksumming function:
[   71.734679]    avx       : 26258.000 MB/sec
[   71.877096] async_tx: api initialized (async)
[   71.965580] md: raid6 personality registered for level 6
[   72.146595] md: raid5 personality registered for level 5
[   72.300940] md: raid4 personality registered for level 4
[   72.465419] md: raid10 personality registered for level 10
done.
Begin: Running /scripts/init-p[   72.669820] Btrfs loaded
remount ... done.
Begin: Mounti[   72.773549] EXT4-fs (sda1): mounted filesystem with ordered data mode. Opts: (null)
ng root file system ... Begin: Running /scripts/local-top ... done.
Begin: Running /scripts/local-premount ... Scanning for Btrfs filesystems
done.
Warning: fsck not present, so skipping root file system
done.
Begin: Running /scripts/local-bottom ... done.
Begin: Running /scripts/init-bottom ... done.
[   73.436173] systemd[1]: systemd 229 running in system mode. (+PAM +AUDIT +SELINUX +IMA +APPARMOR +SMACK +SYSVINIT +UTMP +LIBCRYPTSETUP +GCRYPT +GNUTLS +ACL +XZ -LZ4 +SECCOMP +BLKID +ELFUTILS +KMOD -IDN)
[   74.034873] systemd[1]: Detected virtualization oracle.
[   74.141118] systemd[1]: Detected architecture x86-64.

Welcome to [1mUbuntu 16.04.3 LTS[0m!

[   74.340090] systemd[1]: Set hostname to <ubuntu-xenial>.
[   74.623405] systemd[1]: Listening on Journal Socket (/dev/log).
[[0;32m  OK  [0m] Listening on Journal Socket (/dev/log).
[   74.926357] systemd[1]: Reached target Encrypted Volumes.
[[0;32m  OK  [0m] Reached target Encrypted Volumes.
[   75.182729] systemd[1]: Listening on /dev/initctl Compatibility Named Pipe.
[[0;32m  OK  [0m] Listening on /dev/initctl Compatibility Named Pipe.
[   75.546722] systemd[1]: Started Forward Password Requests to Wall Directory Watch.
[[0;32m  OK  [0m] Started Forward Password Requests to Wall Directory Watch.
[   75.931023] systemd[1]: Listening on LVM2 poll daemon socket.
[[0;32m  OK  [0m] Listening on LVM2 poll daemon socket.
[   76.230834] systemd[1]: Listening on Journal Socket.
[[0;32m  OK  [0m] Listening on Journal Socket.
[   76.451413] systemd[1]: Listening on Journal Audit Socket.
[[0;32m  OK  [0m] Listening on Journal Audit Socket.
[   76.686461] systemd[1]: Reached target Swap.
[[0;32m  OK  [0m] Reached target Swap.
[   76.878761] systemd[1]: Listening on udev Control Socket.
[[0;32m  OK  [0m] Listening on udev Control Socket.
[   77.110500] systemd[1]: Started Trigger resolvconf update for networkd DNS.
[[0;32m  OK  [0m] Started Trigger resolvconf update for networkd DNS.
[   77.358796] systemd[1]: Created slice System Slice.
[[0;32m  OK  [0m] Created slice System Slice.
[   77.571146] systemd[1]: Mounting Huge Pages File System...
[   77.574092] random: nonblocking pool is initialized
         Mounting Huge Pages File System...
[   78.014875] systemd[1]: Starting Nameserver information manager...
         Starting Nameserver information manager...
[   78.335149] systemd[1]: Starting Create list of required static device nodes for the current kernel...
         Starting Create list of required st... nodes for the current kernel...
[   78.746846] systemd[1]: Starting Remount Root and Kernel File Systems...
[   78.751856] EXT4-fs (sda1): re-mounted. Opts: (null)
         Starting Remount Root and Kernel File Systems...
[   79.186963] systemd[1]: Mounting POSIX Message Queue File System...
         Mounting POSIX Message Queue File System...
[   79.425331] systemd[1]: Created slice system-postgresql.slice.
[[0;32m  OK  [0m] Created slice system-postgresql.slice.
[   79.718504] systemd[1]: Listening on Syslog Socket.
[[0;32m  OK  [0m] Listening on Syslog Socket.
[   79.956943] systemd[1]: Reached target System Time Synchronized.
[[0;32m  OK  [0m] Reached target System Time Synchronized.
[   80.282831] systemd[1]: Set up automount Arbitrary Executable File Formats File System Automount Point.
[[0;32m  OK  [0m] Set up automount Arbitrary Executab...ats File System Automount Point.
[   80.633261] systemd[1]: Created slice system-serial\x2dgetty.slice.
[[0;32m  OK  [0m] Created slice system-serial\x2dgetty.slice.
[   80.946878] systemd[1]: Listening on udev Kernel Socket.
[[0;32m  OK  [0m] Listening on udev Kernel Socket.
[   81.231094] systemd[1]: Listening on LVM2 metadata daemon socket.
[[0;32m  OK  [0m] Listening on LVM2 metadata daemon socket.
[   81.491447] systemd[1]: Created slice User and Session Slice.
[[0;32m  OK  [0m] Created slice User and Session Slice.
[   81.750850] systemd[1]: Reached target Slices.
[[0;32m  OK  [0m] Reached target Slices.
[   81.982831] systemd[1]: Starting Load Kernel Modules...
[   821279 Ldi iCStrspt assv2-8.
         Startin[   82.582048] iscsi: registered transport (tcp)
g Load Kernel Mo[   82.714085] iscsi: registered transport (iser)
dules...
[   82.887249] systemd[1]: Starting Set console keymap...
         Starting Set console keymap...
[   83.150751] systemd[1]: Mounting Debug File System...
         Mounting Debug File System...
[   83.371104] systemd[1]: Starting Uncomplicated firewall...
         Starting Uncomplicated firewall...
[   83.562988] systemd[1]: Reached target User and Group Name Lookups.
[[0;32m  OK  [0m] Reached target User and Group Name Lookups.
[   83.822739] systemd[1]: Starting Journal Service...
         Starting Journal Service...
[   84.058852] systemd[1]: Listening on Device-mapper event daemon FIFOs.
[[0;32m  OK  [0m] Listening on Device-mapper event daemon FIFOs.
[   84.379062] systemd[1]: Starting Monitoring of LVM2 mirrors, snapshots etc. using dmeventd or progress polling...
         Starting Monitoring of LVM2 mirrors... dmeventd or progress polling...
[   84.743594] systemd[1]: Mounted Huge Pages File System.
[[0;32m  OK  [0m] Mounted Huge Pages File System.
[   84.935341] systemd[1]: Mounted Debug File System.
[[0;32m  OK  [0m] Mounted Debug File System.
[   85.138540] systemd[1]: Mounted POSIX Message Queue File System.
[[0;32m  OK  [0m] Mounted POSIX Message Queue File System.
[   85.387190] systemd[1]: Started Journal Service.
[[0;32m  OK  [0m] Started Journal Service.
[[0;32m  OK  [0m] Started Create list of required sta...ce nodes for the current kernel.
[[0;32m  OK  [0m] Started Remount Root and Kernel File Systems.
[[0;32m  OK  [0m] Started Load Kernel Modules.
[[0;32m  OK  [0m] Started Set console keymap.
[[0;32m  OK  [0m] Started Uncomplicated firewall.
[[0;32m  OK  [0m] Started Nameserver information manager.
[[0;32m  OK  [0m] Started LVM2 metadata daemon.
         Mounting FUSE Control File System...
         Starting Apply Kernel Variables...
         Starting Load/Save Random Seed...
         Starting Initial cloud-init job (pre-networking)...
         Starting udev Coldplug all Devices...
         Starting Create Static Device Nodes in /dev...
         Starting Flush Journal to Persistent Storage...
[[0;32m  OK  [0m] Mounted FUSE Control File System.
[[0;32m  OK  [0m] Started Monitoring of LVM2 mirrors,...ng dmeventd or progress polling.
[[0;32m  OK  [0m] Started Apply Kernel Variables.
[[0;32m  OK  [0m] Started Load/Save Random Seed.
[   45.718126] cloud-init[460]: Cloud-init v. 17.1 running 'init-local' at Fri, 02 Feb 2018 09:00:12 +0000. Up 45.53 seconds.
[[0;32m  OK  [0m] Started Create Static Device Nodes in /dev.
[[0;32m  OK  [0m] Started udev Coldplug all Devices.
[[0;32m  OK  [0m] Started Initial cloud-init job (pre-networking).
[[0;32m  OK  [0m] Started Flush Journal to Persistent Storage.
[[0;32m  OK  [0m] Reached target Network (Pre).
         Starting udev Kernel Device Manager...
[[0;32m  OK  [0m] Started udev Kernel Device Manager.
[[0;32m  OK  [0m] Found device /dev/ttyS0.
[[0;32m  OK  [0m] Started Dispatch Password Requests to Console Directory Watch.
[[0;32m  OK  [0m] Reached target Local File Systems (Pre).
[[0;32m  OK  [0m] Reached target Local File Systems.
         Starting LSB: AppArmor initialization...
         Starting Tell Plymouth To Write Out Runtime Data...
         Starting Set console font and keymap...
         Starting Create Volatile Files and Directories...
[[0;32m  OK  [0m] Started Tell Plymouth To Write Out Runtime Data.
[[0;32m  OK  [0m] Started Set console font and keymap.
[[0;32m  OK  [0m] Started Create Volatile Files and Directories.
[[0;32m  OK  [0m] Listening on Load/Save RF Kill Switch Status /dev/rfkill Watch.
         Starting Update UTMP about System Boot/Shutdown...
[[0;32m  OK  [0m] Created slice system-getty.slice.
[[0;32m  OK  [0m] Started LSB: AppArmor initialization.
         Starting Raise network interfaces...
[[0;32m  OK  [0m] Started ifup for enp0s3.
[[0;32m  OK  [0m] Started Update UTMP about System Boot/Shutdown.
[[0;32m  OK  [0m] Started Raise network interfaces.
         Starting Initial cloud-init job (metadata service crawler)...
[[0;32m  OK  [0m] Reached target Network.
[   50.144131] cloud-init[978]: Cloud-init v. 17.1 running 'init' at Fri, 02 Feb 2018 09:00:16 +0000. Up 49.92 seconds.
[[0;32m  OK  [0m] Started Initial cloud-init job (metadata service crawler).
[[0;32m  OK  [0m] Reached target Cloud-config availability.
[[0;32m  OK  [0m] Reached target Network is Online.
[   50.278800] cloud-init[978]: ci-info: +++++++++++++++++++++++++++++++++++++Net device info++++++++++++++++++++++++++++++++++++++
[   50.736386] cloud-init[978]: ci-info: +--------+------+----------------------------+---------------+-------+-------------------+
[   50.933031] cloud-init[978]: ci-info: | Device |  Up  |          Address           |      Mask     | Scope |     Hw-Address    |
[   51.125277] cloud-init[978]: ci-info: +--------+------+----------------------------+---------------+-------+-------------------+
         Starting iSCSI initiator daemon (iscsid)...
[[0;32m  OK  [0m] Reached target System Initialization.
         Starting Socket activation for snappy daemon.
[[0;32m  OK  [0m] Listening on UUID daemon activation socket.
[   51.322606] cloud-init[978]: ci-info: | enp0s3 | True |         10.0.2.15          | 255.255.255.0 |   .   | 02:1f:2a:60:99:e3 |
[   51.908650] [cloud-init[0;32m  OK  [0m[978]: ] ci-info: | enp0s3 | True | fe80::1f:2aff:fe60:99e3/64 |       .       |  link | 02:1f:2a:60:99:e3 |Started Timer to automatically refresh installed snaps.

[   51.908954] cloud-init[978]: ci-info: |   lo   | True |         127.0.0.1          |   255.0.0.0   |   .   |         .         |
[   52.464337]          cloud-initStarting LXD - unix socket.[978]: 
ci-info: |   lo   | True |          ::1/128           |       .       |  host |         .         |
[   52.756583] [cloud-init[0;32m  OK  [0m[978]: ] ci-info: +--------+------+----------------------------+---------------+-------+-------------------+Listening on D-Bus System Message Bus Socket.

[[0;32m  OK  [0m] Started Daily Cleanup of Temporary Directories.
[   52.756859] cloud-init[978]: ci-info: +++++++++++++++++++++++++++Route IPv4 info++++++++++++++++++++++++++++
[   53.357140] [cloud-init[0;32m  OK  [0m[978]: ] ci-info: +-------+-------------+----------+---------------+-----------+-------+Started ACPI Events Check.

[   53.645529] [cloud-init[0;32m  OK  [0m[978]: ] ci-info: | Route | Destination | Gateway  |    Genmask    | Interface | Flags |Reached target Paths.

[[0;32m  OK  [0m] Listening on ACPID Listen Socket.
[[0;32m  OK  [0m] Started Daily apt download activities.
[   53.645843] cloud-init[978]: ci-info: +-------+-------------+----------+---------------+-----------+-------+
[   54.300371] [cloud-init[0;32m  OK  [0m[978]: ] ci-info: |   0   |   0.0.0.0   | 10.0.2.2 |    0.0.0.0    |   enp0s3  |   UG  |Started Daily apt upgrade and clean activities.

[[0;32m  OK  [0m] Reached target Timers.
[   54.300680] cloud-init[978]: ci-info: |   1   |   10.0.2.0  | 0.0.0.0  | 255.255.255.0 |   enp0s3  |   U   |
[   54.824888] [cloud-init[0;32m  OK  [0m[978]: ] ci-info: +-------+-------------+----------+---------------+-----------+-------+Listening on Socket activation for snappy daemon.

[[0;32m  OK  [0m] Listening on LXD - unix socket.
[[0;32m  OK  [0m] Started iSCSI initiator daemon (iscsid).
         Starting Login to default iSCSI targets...
[[0;32m  OK  [0m] Reached target Sockets.
[[0;32m  OK  [0m] Reached target Basic System.
         Starting LSB: Record successful boot for GRUB...
         Starting Apply the settings specified in cloud-config...
[[0;32m  OK  [0m] Started Regular background program processing daemon.
         Starting Login Service...
         Starting LXD - container startup/shutdown...
[   55.855350] cloud-init[1043]: Cloud-init v. 17.1 running 'modules:config' at Fri, 02 Feb 2018 09:00:22 +0000. Up 55.77 seconds.
         Starting /etc/rc.local Compatibility...
[[0;32m  OK  [0m] Started FUSE filesystem for LXC.
[[0;32m  OK  [0m] Started D-Bus System Message Bus.
         Starting Accounts Service...
         Starting OpenBSD Secure Shell server...
         Starting LSB: MD monitoring daemon...
[[0;32m  OK  [0m] Started ACPI event daemon.
         Starting vboxadd.service...
[[0;32m  OK  [0m] Started Unattended Upgrades Shutdown.
         Starting System Logging Service...
[[0;32m  OK  [0m] Started Deferred execution scheduler.
         Starting PostgreSQL Cluster 9.5-main...
         Starting Snappy daemon...
[[0;32m  OK  [0m] Started OpenBSD Secure Shell server.
[[0;32m  OK  [0m] Started System Logging Service.
[[0;32m  OK  [0m] Started Snappy daemon.
[[0;32m  OK  [0m] Started Apply the settings specified in cloud-config.
[[0;32m  OK  [0m] Started LXD - container startup/shutdown.
[[0;32m  OK  [0m] Started /etc/rc.local Compatibility.
[[0;32m  OK  [0m] Started vboxadd.service.
[[0;32m  OK  [0m] Started LSB: Record successful boot for GRUB.
[[0;32m  OK  [0m] Started Login to default iSCSI targets.
[[0;32m  OK  [0m] Started LSB: MD monitoring daemon.
[[0;32m  OK  [0m] Started Login Service.
         Starting Authenticate and Authorize Users to Run Privileged Tasks...
[[0;32m  OK  [0m] Reached target Remote File Systems (Pre).
[[0;32m  OK  [0m] Reached target Remote File Systems.
         Starting LSB: automatic crash report generation...
         Starting Permit User Sessions...
         Starting LSB: Start/stop sysstat's sadc...
         Starting LSB: Set the CPU Frequency Scaling governor to "ondemand"...
         Starting LSB: daemon to balance interrupts for SMP systems...
         Starting vboxadd-service.service...
[[0;32m  OK  [0m] Started Permit User Sessions.
[[0;32m  OK  [0m] Started vboxadd-service.service.
[[0;32m  OK  [0m] Started Authenticate and Authorize Users to Run Privileged Tasks.
[[0;32m  OK  [0m] Started Accounts Service.
[[0;32m  OK  [0m] Started PostgreSQL Cluster 9.5-main.
[[0;32m  OK  [0m] Started LSB: Start/stop sysstat's sadc.
[[0;32m  OK  [0m] Started LSB: automatic crash report generation.
[[0;32m  OK  [0m] Started LSB: Set the CPU Frequency Scaling governor to "ondemand".
         Starting PostgreSQL RDBMS...
         Starting Terminate Plymouth Boot Screen...
         Starting Hold until boot process finishes up...
[[0;32m  OK  [0m] Started LSB: daemon to balance interrupts for SMP systems.
[[0;32m  OK  [0m] Started PostgreSQL RDBMS.
[[0;32m  OK  [0m] Started Terminate Plymouth Boot Screen.
[[0;32m  OK  [0m] Started Hold until boot process finishes up.
[[0;32m  OK  [0m] Started Getty on tty1.
         Starting Set console scheme...
[[0;32m  OK  [0m] Started Serial Getty on ttyS0.
[[0;32m  OK  [0m] Reached target Login Prompts.
[[0;32m  OK  [0m] Reached target Multi-User System.
         Starting Execute cloud user/final scripts...
[[0;32m  OK  [0m] Reached target Graphical Interface.
         Starting Update UTMP about System Runlevel Changes...
[[0;32m  OK  [0m] Started Set console scheme.
[[0;32m  OK  [0m] Started Execute cloud user/final scripts.
[   61.063561] cloud-init[1257]: Cloud-init v. 17.1 running 'modules:final' at Fri, 02 Feb 2018 09:00:27 +0000. Up 60.97 seconds.
[   61.485002] cloud-init[1257]: Cloud-init v. 17.1 finished at Fri, 02 Feb 2018 09:00:27 +0000. Datasource DataSourceNoCloud [seed=/dev/sdb][dsmode=net].  Up 61.05 seconds
[[0;32m  OK  [0m] Started Update UTMP about System Runlevel Changes.
[[0;32m  OK  [0m] Created slice User Slice of vagrant.
[[0;32m  OK  [0m] Started Session 1 of user vagrant.
         Starting User Manager for UID 1000...
[[0;32m  OK  [0m] Reached target Cloud-init target.
[[0;32m  OK  [0m] Started User Manager for UID 1000.

Ubuntu 16.04.3 LTS ubuntu-xenial ttyS0

ubuntu-xenial login: 